<?xml version="1.0" encoding="UTF-8"?>
<!-- Generated by org.testng.reporters.JUnitXMLReporter -->
<testsuite ignored="0" hostname="LTIN487732" failures="1" tests="14" name="Edge Test" time="154.243" errors="0" timestamp="2024-03-05T10:43:26 IST">
  <testcase classname="testCases.TC01_Doctor" name="T001_homepage" time="0.025"/>
  <testcase classname="testCases.TC01_Doctor" name="T002_DoctorType" time="6.723"/>
  <testcase classname="testCases.TC01_Doctor" name="T003_applyingfilters" time="30.917"/>
  <testcase classname="testCases.TC01_Doctor" name="T004_DoctorInformation" time="4.289"/>
  <testcase classname="testCases.TC02_Surgeriespage" name="T001_goToSurgery" time="2.985"/>
  <testcase classname="testCases.TC02_Surgeriespage" name="T002_validate" time="0.007"/>
  <testcase classname="testCases.TC02_Surgeriespage" name="T003_ScrollDown" time="0.028"/>
  <testcase classname="testCases.TC02_Surgeriespage" name="T004_listofsurgeries" time="0.36"/>
  <testcase classname="testCases.TC02_Surgeriespage" name="T005_ScrollUp" time="0.01"/>
  <testcase classname="testCases.TC03_Consultingpage" name="T001_goToCorporates" time="5.678"/>
  <testcase classname="testCases.TC03_Consultingpage" name="T002_validateCorporate" time="0.011"/>
  <testcase classname="testCases.TC03_Consultingpage" name="T003_sendDetails" time="20.349"/>
  <testcase classname="testCases.TC03_Consultingpage" name="T004_VerifyandvalidateMsg" time="30.051">
    <failure type="org.openqa.selenium.NoSuchElementException" message="no such element: Unable to locate element: {&amp;quot;method&amp;quot;:&amp;quot;xpath&amp;quot;,&amp;quot;selector&amp;quot;:&amp;quot;(//div[@class=&amp;apos;u-text--bold text-alpha&amp;apos;])[1]&amp;quot;}
  (Session info: MicrosoftEdge=122.0.2365.66)
For documentation on this error, please visit: https://www.selenium.dev/documentation/webdriver/troubleshooting/errors#no-such-element-exception
Build info: version: &amp;apos;4.17.0&amp;apos;, revision: &amp;apos;e52b1be057*&amp;apos;
System info: os.name: &amp;apos;Windows 11&amp;apos;, os.arch: &amp;apos;amd64&amp;apos;, os.version: &amp;apos;10.0&amp;apos;, java.version: &amp;apos;17.0.2&amp;apos;
Driver info: org.openqa.selenium.edge.EdgeDriver
Command: [577b1a9b2f357a8f6f7eedf2eeba2ce2, findElement {value=(//div[@class=&amp;apos;u-text--bold text-alpha&amp;apos;])[1], using=xpath}]
Capabilities {acceptInsecureCerts: false, browserName: MicrosoftEdge, browserVersion: 122.0.2365.66, fedcm:accounts: true, ms:edgeOptions: {debuggerAddress: localhost:61048}, msedge: {msedgedriverVersion: 122.0.2365.66 (ab363614b8f0..., userDataDir: C:\WINDOWS\SystemTemp\scope...}, networkConnectionEnabled: false, pageLoadStrategy: normal, platformName: windows, proxy: Proxy(), se:cdp: ws://localhost:61048/devtoo..., se:cdpVersion: 122.0.2365.66, setWindowRect: true, strictFileInteractability: false, timeouts: {implicit: 0, pageLoad: 300000, script: 30000}, unhandledPromptBehavior: dismiss and notify, webauthn:extension:credBlob: true, webauthn:extension:largeBlob: true, webauthn:extension:minPinLength: true, webauthn:extension:prf: true, webauthn:virtualAuthenticators: true}
Session ID: 577b1a9b2f357a8f6f7eedf2eeba2ce2">
      <![CDATA[org.openqa.selenium.NoSuchElementException: no such element: Unable to locate element: {"method":"xpath","selector":"(//div[@class='u-text--bold text-alpha'])[1]"}
  (Session info: MicrosoftEdge=122.0.2365.66)
For documentation on this error, please visit: https://www.selenium.dev/documentation/webdriver/troubleshooting/errors#no-such-element-exception
Build info: version: '4.17.0', revision: 'e52b1be057*'
System info: os.name: 'Windows 11', os.arch: 'amd64', os.version: '10.0', java.version: '17.0.2'
Driver info: org.openqa.selenium.edge.EdgeDriver
Command: [577b1a9b2f357a8f6f7eedf2eeba2ce2, findElement {value=(//div[@class='u-text--bold text-alpha'])[1], using=xpath}]
Capabilities {acceptInsecureCerts: false, browserName: MicrosoftEdge, browserVersion: 122.0.2365.66, fedcm:accounts: true, ms:edgeOptions: {debuggerAddress: localhost:61048}, msedge: {msedgedriverVersion: 122.0.2365.66 (ab363614b8f0..., userDataDir: C:\WINDOWS\SystemTemp\scope...}, networkConnectionEnabled: false, pageLoadStrategy: normal, platformName: windows, proxy: Proxy(), se:cdp: ws://localhost:61048/devtoo..., se:cdpVersion: 122.0.2365.66, setWindowRect: true, strictFileInteractability: false, timeouts: {implicit: 0, pageLoad: 300000, script: 30000}, unhandledPromptBehavior: dismiss and notify, webauthn:extension:credBlob: true, webauthn:extension:largeBlob: true, webauthn:extension:minPinLength: true, webauthn:extension:prf: true, webauthn:virtualAuthenticators: true}
Session ID: 577b1a9b2f357a8f6f7eedf2eeba2ce2
at org.openqa.selenium.remote.codec.w3c.W3CHttpResponseCodec.createException(W3CHttpResponseCodec.java:185)
at org.openqa.selenium.remote.codec.w3c.W3CHttpResponseCodec.decode(W3CHttpResponseCodec.java:134)
at org.openqa.selenium.remote.codec.w3c.W3CHttpResponseCodec.decode(W3CHttpResponseCodec.java:51)
at org.openqa.selenium.remote.HttpCommandExecutor.execute(HttpCommandExecutor.java:190)
at org.openqa.selenium.remote.service.DriverCommandExecutor.invokeExecute(DriverCommandExecutor.java:216)
at org.openqa.selenium.remote.service.DriverCommandExecutor.execute(DriverCommandExecutor.java:174)
at org.openqa.selenium.remote.RemoteWebDriver.execute(RemoteWebDriver.java:519)
at org.openqa.selenium.remote.ElementLocation$ElementFinder$2.findElement(ElementLocation.java:165)
at org.openqa.selenium.remote.ElementLocation.findElement(ElementLocation.java:59)
at org.openqa.selenium.remote.RemoteWebDriver.findElement(RemoteWebDriver.java:356)
at org.openqa.selenium.remote.RemoteWebDriver.findElement(RemoteWebDriver.java:350)
at org.openqa.selenium.support.pagefactory.DefaultElementLocator.findElement(DefaultElementLocator.java:68)
at org.openqa.selenium.support.pagefactory.internal.LocatingElementHandler.invoke(LocatingElementHandler.java:38)
at jdk.proxy2/jdk.proxy2.$Proxy30.getText(Unknown Source)
at pageObjects.Corporates.textPrint(Corporates.java:282)
at testCases.TC03_Consultingpage.T004_VerifyandvalidateMsg(TC03_Consultingpage.java:38)
at java.base/java.util.ArrayList.forEach(ArrayList.java:1511)
... Removed 32 stack frames]]>
    </failure>
  </testcase> <!-- T004_VerifyandvalidateMsg -->
  <testcase classname="testCases.TC03_Consultingpage" name="T005_MsgScreenshot" time="0.112"/>
</testsuite> <!-- Edge Test -->
