<?xml version="1.0" encoding="UTF-8"?>
<testng-results ignored="0" total="28" passed="26" failed="2" skipped="0">
  <reporter-output>
  </reporter-output>
  <suite started-at="2024-03-05T10:38:18 IST" name="Suite" finished-at="2024-03-05T10:43:26 IST" duration-ms="307770">
    <groups>
      <group name="regression">
        <method signature="TC01_Doctor.T003_applyingfilters()[pri:3, instance:testCases.TC01_Doctor@799f10e1]" name="T003_applyingfilters" class="testCases.TC01_Doctor"/>
        <method signature="TC01_Doctor.T004_DoctorInformation()[pri:4, instance:testCases.TC01_Doctor@799f10e1]" name="T004_DoctorInformation" class="testCases.TC01_Doctor"/>
        <method signature="TC02_Surgeriespage.T001_goToSurgery()[pri:1, instance:testCases.TC02_Surgeriespage@2a4fb17b]" name="T001_goToSurgery" class="testCases.TC02_Surgeriespage"/>
        <method signature="TC02_Surgeriespage.T004_listofsurgeries()[pri:4, instance:testCases.TC02_Surgeriespage@2a4fb17b]" name="T004_listofsurgeries" class="testCases.TC02_Surgeriespage"/>
        <method signature="TC03_Consultingpage.T001_goToCorporates()[pri:1, instance:testCases.TC03_Consultingpage@5c6648b0]" name="T001_goToCorporates" class="testCases.TC03_Consultingpage"/>
        <method signature="TC03_Consultingpage.T003_sendDetails()[pri:3, instance:testCases.TC03_Consultingpage@5c6648b0]" name="T003_sendDetails" class="testCases.TC03_Consultingpage"/>
        <method signature="TC03_Consultingpage.T004_VerifyandvalidateMsg()[pri:4, instance:testCases.TC03_Consultingpage@5c6648b0]" name="T004_VerifyandvalidateMsg" class="testCases.TC03_Consultingpage"/>
        <method signature="TC01_Doctor.T003_applyingfilters()[pri:3, instance:testCases.TC01_Doctor@6c6cb480]" name="T003_applyingfilters" class="testCases.TC01_Doctor"/>
        <method signature="TC01_Doctor.T004_DoctorInformation()[pri:4, instance:testCases.TC01_Doctor@6c6cb480]" name="T004_DoctorInformation" class="testCases.TC01_Doctor"/>
        <method signature="TC02_Surgeriespage.T001_goToSurgery()[pri:1, instance:testCases.TC02_Surgeriespage@3c46e67a]" name="T001_goToSurgery" class="testCases.TC02_Surgeriespage"/>
        <method signature="TC02_Surgeriespage.T004_listofsurgeries()[pri:4, instance:testCases.TC02_Surgeriespage@3c46e67a]" name="T004_listofsurgeries" class="testCases.TC02_Surgeriespage"/>
        <method signature="TC03_Consultingpage.T001_goToCorporates()[pri:1, instance:testCases.TC03_Consultingpage@c730b35]" name="T001_goToCorporates" class="testCases.TC03_Consultingpage"/>
        <method signature="TC03_Consultingpage.T003_sendDetails()[pri:3, instance:testCases.TC03_Consultingpage@c730b35]" name="T003_sendDetails" class="testCases.TC03_Consultingpage"/>
        <method signature="TC03_Consultingpage.T004_VerifyandvalidateMsg()[pri:4, instance:testCases.TC03_Consultingpage@c730b35]" name="T004_VerifyandvalidateMsg" class="testCases.TC03_Consultingpage"/>
      </group> <!-- regression -->
      <group name="sanity">
        <method signature="TC01_Doctor.T001_homepage()[pri:1, instance:testCases.TC01_Doctor@799f10e1]" name="T001_homepage" class="testCases.TC01_Doctor"/>
        <method signature="TC01_Doctor.T002_DoctorType()[pri:2, instance:testCases.TC01_Doctor@799f10e1]" name="T002_DoctorType" class="testCases.TC01_Doctor"/>
        <method signature="TC02_Surgeriespage.T002_validate()[pri:2, instance:testCases.TC02_Surgeriespage@2a4fb17b]" name="T002_validate" class="testCases.TC02_Surgeriespage"/>
        <method signature="TC02_Surgeriespage.T003_ScrollDown()[pri:3, instance:testCases.TC02_Surgeriespage@2a4fb17b]" name="T003_ScrollDown" class="testCases.TC02_Surgeriespage"/>
        <method signature="TC02_Surgeriespage.T005_ScrollUp()[pri:5, instance:testCases.TC02_Surgeriespage@2a4fb17b]" name="T005_ScrollUp" class="testCases.TC02_Surgeriespage"/>
        <method signature="TC03_Consultingpage.T002_validateCorporate()[pri:2, instance:testCases.TC03_Consultingpage@5c6648b0]" name="T002_validateCorporate" class="testCases.TC03_Consultingpage"/>
        <method signature="TC03_Consultingpage.T005_MsgScreenshot()[pri:5, instance:testCases.TC03_Consultingpage@5c6648b0]" name="T005_MsgScreenshot" class="testCases.TC03_Consultingpage"/>
        <method signature="TC01_Doctor.T001_homepage()[pri:1, instance:testCases.TC01_Doctor@6c6cb480]" name="T001_homepage" class="testCases.TC01_Doctor"/>
        <method signature="TC01_Doctor.T002_DoctorType()[pri:2, instance:testCases.TC01_Doctor@6c6cb480]" name="T002_DoctorType" class="testCases.TC01_Doctor"/>
        <method signature="TC02_Surgeriespage.T002_validate()[pri:2, instance:testCases.TC02_Surgeriespage@3c46e67a]" name="T002_validate" class="testCases.TC02_Surgeriespage"/>
        <method signature="TC02_Surgeriespage.T003_ScrollDown()[pri:3, instance:testCases.TC02_Surgeriespage@3c46e67a]" name="T003_ScrollDown" class="testCases.TC02_Surgeriespage"/>
        <method signature="TC02_Surgeriespage.T005_ScrollUp()[pri:5, instance:testCases.TC02_Surgeriespage@3c46e67a]" name="T005_ScrollUp" class="testCases.TC02_Surgeriespage"/>
        <method signature="TC03_Consultingpage.T002_validateCorporate()[pri:2, instance:testCases.TC03_Consultingpage@c730b35]" name="T002_validateCorporate" class="testCases.TC03_Consultingpage"/>
        <method signature="TC03_Consultingpage.T005_MsgScreenshot()[pri:5, instance:testCases.TC03_Consultingpage@c730b35]" name="T005_MsgScreenshot" class="testCases.TC03_Consultingpage"/>
      </group> <!-- sanity -->
    </groups>
    <test started-at="2024-03-05T10:38:18 IST" name="Chrome Test" finished-at="2024-03-05T10:40:51 IST" duration-ms="153205">
      <class name="testCases.TC02_Surgeriespage">
        <test-method is-config="true" signature="setup(java.lang.String,java.lang.String)[pri:0, instance:testCases.TC02_Surgeriespage@2a4fb17b]" started-at="2024-03-05T10:39:06 IST" name="setup" finished-at="2024-03-05T10:39:14 IST" duration-ms="7417" status="PASS">
          <params>
            <param index="0">
              <value>
                <![CDATA[windows]]>
              </value>
            </param>
            <param index="1">
              <value>
                <![CDATA[chrome]]>
              </value>
            </param>
          </params>
          <reporter-output>
          </reporter-output>
        </test-method> <!-- setup -->
        <test-method signature="T001_goToSurgery()[pri:1, instance:testCases.TC02_Surgeriespage@2a4fb17b]" started-at="2024-03-05T10:39:14 IST" name="T001_goToSurgery" finished-at="2024-03-05T10:39:15 IST" duration-ms="1203" status="PASS">
          <reporter-output>
          </reporter-output>
        </test-method> <!-- T001_goToSurgery -->
        <test-method signature="T002_validate()[pri:2, instance:testCases.TC02_Surgeriespage@2a4fb17b]" started-at="2024-03-05T10:39:15 IST" name="T002_validate" finished-at="2024-03-05T10:39:15 IST" duration-ms="73" status="PASS">
          <reporter-output>
          </reporter-output>
        </test-method> <!-- T002_validate -->
        <test-method signature="T003_ScrollDown()[pri:3, instance:testCases.TC02_Surgeriespage@2a4fb17b]" started-at="2024-03-05T10:39:16 IST" name="T003_ScrollDown" finished-at="2024-03-05T10:39:16 IST" duration-ms="26" status="PASS">
          <reporter-output>
          </reporter-output>
        </test-method> <!-- T003_ScrollDown -->
        <test-method signature="T004_listofsurgeries()[pri:4, instance:testCases.TC02_Surgeriespage@2a4fb17b]" started-at="2024-03-05T10:39:16 IST" name="T004_listofsurgeries" finished-at="2024-03-05T10:39:17 IST" duration-ms="470" status="PASS">
          <reporter-output>
          </reporter-output>
        </test-method> <!-- T004_listofsurgeries -->
        <test-method signature="T005_ScrollUp()[pri:5, instance:testCases.TC02_Surgeriespage@2a4fb17b]" started-at="2024-03-05T10:39:17 IST" name="T005_ScrollUp" finished-at="2024-03-05T10:39:17 IST" duration-ms="10" status="PASS">
          <reporter-output>
          </reporter-output>
        </test-method> <!-- T005_ScrollUp -->
        <test-method is-config="true" signature="tearDown()[pri:0, instance:testCases.TC02_Surgeriespage@2a4fb17b]" started-at="2024-03-05T10:39:17 IST" name="tearDown" finished-at="2024-03-05T10:39:18 IST" duration-ms="1084" status="PASS">
          <reporter-output>
          </reporter-output>
        </test-method> <!-- tearDown -->
      </class> <!-- testCases.TC02_Surgeriespage -->
      <class name="testCases.TC03_Consultingpage">
        <test-method is-config="true" signature="setup(java.lang.String,java.lang.String)[pri:0, instance:testCases.TC03_Consultingpage@5c6648b0]" started-at="2024-03-05T10:39:18 IST" name="setup" finished-at="2024-03-05T10:39:26 IST" duration-ms="7347" status="PASS">
          <params>
            <param index="0">
              <value>
                <![CDATA[windows]]>
              </value>
            </param>
            <param index="1">
              <value>
                <![CDATA[chrome]]>
              </value>
            </param>
          </params>
          <reporter-output>
          </reporter-output>
        </test-method> <!-- setup -->
        <test-method signature="T001_goToCorporates()[pri:1, instance:testCases.TC03_Consultingpage@5c6648b0]" started-at="2024-03-05T10:39:26 IST" name="T001_goToCorporates" finished-at="2024-03-05T10:39:58 IST" duration-ms="32507" status="PASS">
          <reporter-output>
          </reporter-output>
        </test-method> <!-- T001_goToCorporates -->
        <test-method signature="T002_validateCorporate()[pri:2, instance:testCases.TC03_Consultingpage@5c6648b0]" started-at="2024-03-05T10:39:58 IST" name="T002_validateCorporate" finished-at="2024-03-05T10:39:58 IST" duration-ms="11" status="PASS">
          <reporter-output>
          </reporter-output>
        </test-method> <!-- T002_validateCorporate -->
        <test-method signature="T003_sendDetails()[pri:3, instance:testCases.TC03_Consultingpage@5c6648b0]" started-at="2024-03-05T10:39:59 IST" name="T003_sendDetails" finished-at="2024-03-05T10:40:19 IST" duration-ms="20155" status="PASS">
          <reporter-output>
          </reporter-output>
        </test-method> <!-- T003_sendDetails -->
        <test-method signature="T004_VerifyandvalidateMsg()[pri:4, instance:testCases.TC03_Consultingpage@5c6648b0]" started-at="2024-03-05T10:40:19 IST" name="T004_VerifyandvalidateMsg" finished-at="2024-03-05T10:40:49 IST" duration-ms="30044" status="FAIL">
          <exception class="org.openqa.selenium.NoSuchElementException">
            <message>
              <![CDATA[no such element: Unable to locate element: {"method":"xpath","selector":"(//div[@class='u-text--bold text-alpha'])[1]"}
  (Session info: chrome=113.0.5672.93)
For documentation on this error, please visit: https://www.selenium.dev/documentation/webdriver/troubleshooting/errors#no-such-element-exception
Build info: version: '4.17.0', revision: 'e52b1be057*'
System info: os.name: 'Windows 11', os.arch: 'amd64', os.version: '10.0', java.version: '17.0.2'
Driver info: org.openqa.selenium.chrome.ChromeDriver
Command: [47bc080611529af4f94a18b8c1d191fd, findElement {value=(//div[@class='u-text--bold text-alpha'])[1], using=xpath}]
Capabilities {acceptInsecureCerts: false, browserName: chrome, browserVersion: 113.0.5672.93, chrome: {chromedriverVersion: 113.0.5672.63 (0e1a4471d5ae..., userDataDir: C:\Program Files (x86)\scop...}, goog:chromeOptions: {debuggerAddress: localhost:60587}, networkConnectionEnabled: false, pageLoadStrategy: normal, platformName: windows, proxy: Proxy(), se:cdp: ws://localhost:60587/devtoo..., se:cdpVersion: 113.0.5672.93, setWindowRect: true, strictFileInteractability: false, timeouts: {implicit: 0, pageLoad: 300000, script: 30000}, unhandledPromptBehavior: dismiss and notify, webauthn:extension:credBlob: true, webauthn:extension:largeBlob: true, webauthn:extension:minPinLength: true, webauthn:extension:prf: true, webauthn:virtualAuthenticators: true}
Session ID: 47bc080611529af4f94a18b8c1d191fd]]>
            </message>
            <full-stacktrace>
              <![CDATA[org.openqa.selenium.NoSuchElementException: no such element: Unable to locate element: {"method":"xpath","selector":"(//div[@class='u-text--bold text-alpha'])[1]"}
  (Session info: chrome=113.0.5672.93)
For documentation on this error, please visit: https://www.selenium.dev/documentation/webdriver/troubleshooting/errors#no-such-element-exception
Build info: version: '4.17.0', revision: 'e52b1be057*'
System info: os.name: 'Windows 11', os.arch: 'amd64', os.version: '10.0', java.version: '17.0.2'
Driver info: org.openqa.selenium.chrome.ChromeDriver
Command: [47bc080611529af4f94a18b8c1d191fd, findElement {value=(//div[@class='u-text--bold text-alpha'])[1], using=xpath}]
Capabilities {acceptInsecureCerts: false, browserName: chrome, browserVersion: 113.0.5672.93, chrome: {chromedriverVersion: 113.0.5672.63 (0e1a4471d5ae..., userDataDir: C:\Program Files (x86)\scop...}, goog:chromeOptions: {debuggerAddress: localhost:60587}, networkConnectionEnabled: false, pageLoadStrategy: normal, platformName: windows, proxy: Proxy(), se:cdp: ws://localhost:60587/devtoo..., se:cdpVersion: 113.0.5672.93, setWindowRect: true, strictFileInteractability: false, timeouts: {implicit: 0, pageLoad: 300000, script: 30000}, unhandledPromptBehavior: dismiss and notify, webauthn:extension:credBlob: true, webauthn:extension:largeBlob: true, webauthn:extension:minPinLength: true, webauthn:extension:prf: true, webauthn:virtualAuthenticators: true}
Session ID: 47bc080611529af4f94a18b8c1d191fd
at java.base/jdk.internal.reflect.NativeConstructorAccessorImpl.newInstance0(Native Method)
at java.base/jdk.internal.reflect.NativeConstructorAccessorImpl.newInstance(NativeConstructorAccessorImpl.java:77)
at java.base/jdk.internal.reflect.DelegatingConstructorAccessorImpl.newInstance(DelegatingConstructorAccessorImpl.java:45)
at java.base/java.lang.reflect.Constructor.newInstanceWithCaller(Constructor.java:499)
at java.base/java.lang.reflect.Constructor.newInstance(Constructor.java:480)
at org.openqa.selenium.remote.codec.w3c.W3CHttpResponseCodec.createException(W3CHttpResponseCodec.java:185)
at org.openqa.selenium.remote.codec.w3c.W3CHttpResponseCodec.decode(W3CHttpResponseCodec.java:134)
at org.openqa.selenium.remote.codec.w3c.W3CHttpResponseCodec.decode(W3CHttpResponseCodec.java:51)
at org.openqa.selenium.remote.HttpCommandExecutor.execute(HttpCommandExecutor.java:190)
at org.openqa.selenium.remote.service.DriverCommandExecutor.invokeExecute(DriverCommandExecutor.java:216)
at org.openqa.selenium.remote.service.DriverCommandExecutor.execute(DriverCommandExecutor.java:174)
at org.openqa.selenium.remote.RemoteWebDriver.execute(RemoteWebDriver.java:519)
at org.openqa.selenium.remote.ElementLocation$ElementFinder$2.findElement(ElementLocation.java:165)
at org.openqa.selenium.remote.ElementLocation.findElement(ElementLocation.java:59)
at org.openqa.selenium.remote.RemoteWebDriver.findElement(RemoteWebDriver.java:356)
at org.openqa.selenium.remote.RemoteWebDriver.findElement(RemoteWebDriver.java:350)
at org.openqa.selenium.support.pagefactory.DefaultElementLocator.findElement(DefaultElementLocator.java:68)
at org.openqa.selenium.support.pagefactory.internal.LocatingElementHandler.invoke(LocatingElementHandler.java:38)
at jdk.proxy2/jdk.proxy2.$Proxy30.getText(Unknown Source)
at pageObjects.Corporates.textPrint(Corporates.java:282)
at testCases.TC03_Consultingpage.T004_VerifyandvalidateMsg(TC03_Consultingpage.java:38)
at java.base/jdk.internal.reflect.NativeMethodAccessorImpl.invoke0(Native Method)
at java.base/jdk.internal.reflect.NativeMethodAccessorImpl.invoke(NativeMethodAccessorImpl.java:77)
at java.base/jdk.internal.reflect.DelegatingMethodAccessorImpl.invoke(DelegatingMethodAccessorImpl.java:43)
at java.base/java.lang.reflect.Method.invoke(Method.java:568)
at org.testng.internal.MethodInvocationHelper.invokeMethod(MethodInvocationHelper.java:133)
at org.testng.internal.TestInvoker.invokeMethod(TestInvoker.java:598)
at org.testng.internal.TestInvoker.invokeTestMethod(TestInvoker.java:173)
at org.testng.internal.MethodRunner.runInSequence(MethodRunner.java:46)
at org.testng.internal.TestInvoker$MethodInvocationAgent.invoke(TestInvoker.java:824)
at org.testng.internal.TestInvoker.invokeTestMethods(TestInvoker.java:146)
at org.testng.internal.TestMethodWorker.invokeTestMethods(TestMethodWorker.java:146)
at org.testng.internal.TestMethodWorker.run(TestMethodWorker.java:128)
at java.base/java.util.ArrayList.forEach(ArrayList.java:1511)
at org.testng.TestRunner.privateRun(TestRunner.java:794)
at org.testng.TestRunner.run(TestRunner.java:596)
at org.testng.SuiteRunner.runTest(SuiteRunner.java:377)
at org.testng.SuiteRunner.runSequentially(SuiteRunner.java:371)
at org.testng.SuiteRunner.privateRun(SuiteRunner.java:332)
at org.testng.SuiteRunner.run(SuiteRunner.java:276)
at org.testng.SuiteRunnerWorker.runSuite(SuiteRunnerWorker.java:53)
at org.testng.SuiteRunnerWorker.run(SuiteRunnerWorker.java:96)
at org.testng.TestNG.runSuitesSequentially(TestNG.java:1212)
at org.testng.TestNG.runSuitesLocally(TestNG.java:1134)
at org.testng.TestNG.runSuites(TestNG.java:1063)
at org.testng.TestNG.run(TestNG.java:1031)
at org.testng.remote.AbstractRemoteTestNG.run(AbstractRemoteTestNG.java:115)
at org.testng.remote.RemoteTestNG.initAndRun(RemoteTestNG.java:251)
at org.testng.remote.RemoteTestNG.main(RemoteTestNG.java:77)
]]>
            </full-stacktrace>
          </exception> <!-- org.openqa.selenium.NoSuchElementException -->
          <reporter-output>
          </reporter-output>
        </test-method> <!-- T004_VerifyandvalidateMsg -->
        <test-method signature="T005_MsgScreenshot()[pri:5, instance:testCases.TC03_Consultingpage@5c6648b0]" started-at="2024-03-05T10:40:49 IST" name="T005_MsgScreenshot" finished-at="2024-03-05T10:40:50 IST" duration-ms="168" status="PASS">
          <reporter-output>
          </reporter-output>
        </test-method> <!-- T005_MsgScreenshot -->
        <test-method is-config="true" signature="tearDown()[pri:0, instance:testCases.TC03_Consultingpage@5c6648b0]" started-at="2024-03-05T10:40:50 IST" name="tearDown" finished-at="2024-03-05T10:40:51 IST" duration-ms="1186" status="PASS">
          <reporter-output>
          </reporter-output>
        </test-method> <!-- tearDown -->
      </class> <!-- testCases.TC03_Consultingpage -->
      <class name="testCases.TC01_Doctor">
        <test-method is-config="true" signature="setup(java.lang.String,java.lang.String)[pri:0, instance:testCases.TC01_Doctor@799f10e1]" started-at="2024-03-05T10:38:18 IST" name="setup" finished-at="2024-03-05T10:38:27 IST" duration-ms="8810" status="PASS">
          <params>
            <param index="0">
              <value>
                <![CDATA[windows]]>
              </value>
            </param>
            <param index="1">
              <value>
                <![CDATA[chrome]]>
              </value>
            </param>
          </params>
          <reporter-output>
          </reporter-output>
        </test-method> <!-- setup -->
        <test-method signature="T001_homepage()[pri:1, instance:testCases.TC01_Doctor@799f10e1]" started-at="2024-03-05T10:38:27 IST" name="T001_homepage" finished-at="2024-03-05T10:38:27 IST" duration-ms="49" status="PASS">
          <reporter-output>
          </reporter-output>
        </test-method> <!-- T001_homepage -->
        <test-method signature="T002_DoctorType()[pri:2, instance:testCases.TC01_Doctor@799f10e1]" started-at="2024-03-05T10:38:27 IST" name="T002_DoctorType" finished-at="2024-03-05T10:38:33 IST" duration-ms="5947" status="PASS">
          <reporter-output>
          </reporter-output>
        </test-method> <!-- T002_DoctorType -->
        <test-method signature="T003_applyingfilters()[pri:3, instance:testCases.TC01_Doctor@799f10e1]" started-at="2024-03-05T10:38:34 IST" name="T003_applyingfilters" finished-at="2024-03-05T10:39:00 IST" duration-ms="26913" status="PASS">
          <reporter-output>
          </reporter-output>
        </test-method> <!-- T003_applyingfilters -->
        <test-method signature="T004_DoctorInformation()[pri:4, instance:testCases.TC01_Doctor@799f10e1]" started-at="2024-03-05T10:39:01 IST" name="T004_DoctorInformation" finished-at="2024-03-05T10:39:05 IST" duration-ms="4434" status="PASS">
          <reporter-output>
          </reporter-output>
        </test-method> <!-- T004_DoctorInformation -->
        <test-method is-config="true" signature="tearDown()[pri:0, instance:testCases.TC01_Doctor@799f10e1]" started-at="2024-03-05T10:39:05 IST" name="tearDown" finished-at="2024-03-05T10:39:06 IST" duration-ms="1136" status="PASS">
          <reporter-output>
          </reporter-output>
        </test-method> <!-- tearDown -->
      </class> <!-- testCases.TC01_Doctor -->
    </test> <!-- Chrome Test -->
    <test started-at="2024-03-05T10:40:51 IST" name="Edge Test" finished-at="2024-03-05T10:43:26 IST" duration-ms="154243">
      <class name="testCases.TC02_Surgeriespage">
        <test-method is-config="true" signature="setup(java.lang.String,java.lang.String)[pri:0, instance:testCases.TC02_Surgeriespage@3c46e67a]" started-at="2024-03-05T10:41:44 IST" name="setup" finished-at="2024-03-05T10:42:12 IST" duration-ms="27985" status="PASS">
          <params>
            <param index="0">
              <value>
                <![CDATA[windows]]>
              </value>
            </param>
            <param index="1">
              <value>
                <![CDATA[edge]]>
              </value>
            </param>
          </params>
          <reporter-output>
          </reporter-output>
        </test-method> <!-- setup -->
        <test-method signature="T001_goToSurgery()[pri:1, instance:testCases.TC02_Surgeriespage@3c46e67a]" started-at="2024-03-05T10:42:12 IST" name="T001_goToSurgery" finished-at="2024-03-05T10:42:15 IST" duration-ms="2985" status="PASS">
          <reporter-output>
          </reporter-output>
        </test-method> <!-- T001_goToSurgery -->
        <test-method signature="T002_validate()[pri:2, instance:testCases.TC02_Surgeriespage@3c46e67a]" started-at="2024-03-05T10:42:15 IST" name="T002_validate" finished-at="2024-03-05T10:42:15 IST" duration-ms="7" status="PASS">
          <reporter-output>
          </reporter-output>
        </test-method> <!-- T002_validate -->
        <test-method signature="T003_ScrollDown()[pri:3, instance:testCases.TC02_Surgeriespage@3c46e67a]" started-at="2024-03-05T10:42:16 IST" name="T003_ScrollDown" finished-at="2024-03-05T10:42:16 IST" duration-ms="28" status="PASS">
          <reporter-output>
          </reporter-output>
        </test-method> <!-- T003_ScrollDown -->
        <test-method signature="T004_listofsurgeries()[pri:4, instance:testCases.TC02_Surgeriespage@3c46e67a]" started-at="2024-03-05T10:42:16 IST" name="T004_listofsurgeries" finished-at="2024-03-05T10:42:16 IST" duration-ms="360" status="PASS">
          <reporter-output>
          </reporter-output>
        </test-method> <!-- T004_listofsurgeries -->
        <test-method signature="T005_ScrollUp()[pri:5, instance:testCases.TC02_Surgeriespage@3c46e67a]" started-at="2024-03-05T10:42:17 IST" name="T005_ScrollUp" finished-at="2024-03-05T10:42:17 IST" duration-ms="10" status="PASS">
          <reporter-output>
          </reporter-output>
        </test-method> <!-- T005_ScrollUp -->
        <test-method is-config="true" signature="tearDown()[pri:0, instance:testCases.TC02_Surgeriespage@3c46e67a]" started-at="2024-03-05T10:42:17 IST" name="tearDown" finished-at="2024-03-05T10:42:18 IST" duration-ms="1233" status="PASS">
          <reporter-output>
          </reporter-output>
        </test-method> <!-- tearDown -->
      </class> <!-- testCases.TC02_Surgeriespage -->
      <class name="testCases.TC03_Consultingpage">
        <test-method is-config="true" signature="setup(java.lang.String,java.lang.String)[pri:0, instance:testCases.TC03_Consultingpage@c730b35]" started-at="2024-03-05T10:42:18 IST" name="setup" finished-at="2024-03-05T10:42:27 IST" duration-ms="8616" status="PASS">
          <params>
            <param index="0">
              <value>
                <![CDATA[windows]]>
              </value>
            </param>
            <param index="1">
              <value>
                <![CDATA[edge]]>
              </value>
            </param>
          </params>
          <reporter-output>
          </reporter-output>
        </test-method> <!-- setup -->
        <test-method signature="T001_goToCorporates()[pri:1, instance:testCases.TC03_Consultingpage@c730b35]" started-at="2024-03-05T10:42:27 IST" name="T001_goToCorporates" finished-at="2024-03-05T10:42:32 IST" duration-ms="5678" status="PASS">
          <reporter-output>
          </reporter-output>
        </test-method> <!-- T001_goToCorporates -->
        <test-method signature="T002_validateCorporate()[pri:2, instance:testCases.TC03_Consultingpage@c730b35]" started-at="2024-03-05T10:42:33 IST" name="T002_validateCorporate" finished-at="2024-03-05T10:42:33 IST" duration-ms="11" status="PASS">
          <reporter-output>
          </reporter-output>
        </test-method> <!-- T002_validateCorporate -->
        <test-method signature="T003_sendDetails()[pri:3, instance:testCases.TC03_Consultingpage@c730b35]" started-at="2024-03-05T10:42:33 IST" name="T003_sendDetails" finished-at="2024-03-05T10:42:53 IST" duration-ms="20349" status="PASS">
          <reporter-output>
          </reporter-output>
        </test-method> <!-- T003_sendDetails -->
        <test-method signature="T004_VerifyandvalidateMsg()[pri:4, instance:testCases.TC03_Consultingpage@c730b35]" started-at="2024-03-05T10:42:54 IST" name="T004_VerifyandvalidateMsg" finished-at="2024-03-05T10:43:24 IST" duration-ms="30051" status="FAIL">
          <exception class="org.openqa.selenium.NoSuchElementException">
            <message>
              <![CDATA[no such element: Unable to locate element: {"method":"xpath","selector":"(//div[@class='u-text--bold text-alpha'])[1]"}
  (Session info: MicrosoftEdge=122.0.2365.66)
For documentation on this error, please visit: https://www.selenium.dev/documentation/webdriver/troubleshooting/errors#no-such-element-exception
Build info: version: '4.17.0', revision: 'e52b1be057*'
System info: os.name: 'Windows 11', os.arch: 'amd64', os.version: '10.0', java.version: '17.0.2'
Driver info: org.openqa.selenium.edge.EdgeDriver
Command: [577b1a9b2f357a8f6f7eedf2eeba2ce2, findElement {value=(//div[@class='u-text--bold text-alpha'])[1], using=xpath}]
Capabilities {acceptInsecureCerts: false, browserName: MicrosoftEdge, browserVersion: 122.0.2365.66, fedcm:accounts: true, ms:edgeOptions: {debuggerAddress: localhost:61048}, msedge: {msedgedriverVersion: 122.0.2365.66 (ab363614b8f0..., userDataDir: C:\WINDOWS\SystemTemp\scope...}, networkConnectionEnabled: false, pageLoadStrategy: normal, platformName: windows, proxy: Proxy(), se:cdp: ws://localhost:61048/devtoo..., se:cdpVersion: 122.0.2365.66, setWindowRect: true, strictFileInteractability: false, timeouts: {implicit: 0, pageLoad: 300000, script: 30000}, unhandledPromptBehavior: dismiss and notify, webauthn:extension:credBlob: true, webauthn:extension:largeBlob: true, webauthn:extension:minPinLength: true, webauthn:extension:prf: true, webauthn:virtualAuthenticators: true}
Session ID: 577b1a9b2f357a8f6f7eedf2eeba2ce2]]>
            </message>
            <full-stacktrace>
              <![CDATA[org.openqa.selenium.NoSuchElementException: no such element: Unable to locate element: {"method":"xpath","selector":"(//div[@class='u-text--bold text-alpha'])[1]"}
  (Session info: MicrosoftEdge=122.0.2365.66)
For documentation on this error, please visit: https://www.selenium.dev/documentation/webdriver/troubleshooting/errors#no-such-element-exception
Build info: version: '4.17.0', revision: 'e52b1be057*'
System info: os.name: 'Windows 11', os.arch: 'amd64', os.version: '10.0', java.version: '17.0.2'
Driver info: org.openqa.selenium.edge.EdgeDriver
Command: [577b1a9b2f357a8f6f7eedf2eeba2ce2, findElement {value=(//div[@class='u-text--bold text-alpha'])[1], using=xpath}]
Capabilities {acceptInsecureCerts: false, browserName: MicrosoftEdge, browserVersion: 122.0.2365.66, fedcm:accounts: true, ms:edgeOptions: {debuggerAddress: localhost:61048}, msedge: {msedgedriverVersion: 122.0.2365.66 (ab363614b8f0..., userDataDir: C:\WINDOWS\SystemTemp\scope...}, networkConnectionEnabled: false, pageLoadStrategy: normal, platformName: windows, proxy: Proxy(), se:cdp: ws://localhost:61048/devtoo..., se:cdpVersion: 122.0.2365.66, setWindowRect: true, strictFileInteractability: false, timeouts: {implicit: 0, pageLoad: 300000, script: 30000}, unhandledPromptBehavior: dismiss and notify, webauthn:extension:credBlob: true, webauthn:extension:largeBlob: true, webauthn:extension:minPinLength: true, webauthn:extension:prf: true, webauthn:virtualAuthenticators: true}
Session ID: 577b1a9b2f357a8f6f7eedf2eeba2ce2
at java.base/jdk.internal.reflect.NativeConstructorAccessorImpl.newInstance0(Native Method)
at java.base/jdk.internal.reflect.NativeConstructorAccessorImpl.newInstance(NativeConstructorAccessorImpl.java:77)
at java.base/jdk.internal.reflect.DelegatingConstructorAccessorImpl.newInstance(DelegatingConstructorAccessorImpl.java:45)
at java.base/java.lang.reflect.Constructor.newInstanceWithCaller(Constructor.java:499)
at java.base/java.lang.reflect.Constructor.newInstance(Constructor.java:480)
at org.openqa.selenium.remote.codec.w3c.W3CHttpResponseCodec.createException(W3CHttpResponseCodec.java:185)
at org.openqa.selenium.remote.codec.w3c.W3CHttpResponseCodec.decode(W3CHttpResponseCodec.java:134)
at org.openqa.selenium.remote.codec.w3c.W3CHttpResponseCodec.decode(W3CHttpResponseCodec.java:51)
at org.openqa.selenium.remote.HttpCommandExecutor.execute(HttpCommandExecutor.java:190)
at org.openqa.selenium.remote.service.DriverCommandExecutor.invokeExecute(DriverCommandExecutor.java:216)
at org.openqa.selenium.remote.service.DriverCommandExecutor.execute(DriverCommandExecutor.java:174)
at org.openqa.selenium.remote.RemoteWebDriver.execute(RemoteWebDriver.java:519)
at org.openqa.selenium.remote.ElementLocation$ElementFinder$2.findElement(ElementLocation.java:165)
at org.openqa.selenium.remote.ElementLocation.findElement(ElementLocation.java:59)
at org.openqa.selenium.remote.RemoteWebDriver.findElement(RemoteWebDriver.java:356)
at org.openqa.selenium.remote.RemoteWebDriver.findElement(RemoteWebDriver.java:350)
at org.openqa.selenium.support.pagefactory.DefaultElementLocator.findElement(DefaultElementLocator.java:68)
at org.openqa.selenium.support.pagefactory.internal.LocatingElementHandler.invoke(LocatingElementHandler.java:38)
at jdk.proxy2/jdk.proxy2.$Proxy30.getText(Unknown Source)
at pageObjects.Corporates.textPrint(Corporates.java:282)
at testCases.TC03_Consultingpage.T004_VerifyandvalidateMsg(TC03_Consultingpage.java:38)
at java.base/jdk.internal.reflect.NativeMethodAccessorImpl.invoke0(Native Method)
at java.base/jdk.internal.reflect.NativeMethodAccessorImpl.invoke(NativeMethodAccessorImpl.java:77)
at java.base/jdk.internal.reflect.DelegatingMethodAccessorImpl.invoke(DelegatingMethodAccessorImpl.java:43)
at java.base/java.lang.reflect.Method.invoke(Method.java:568)
at org.testng.internal.MethodInvocationHelper.invokeMethod(MethodInvocationHelper.java:133)
at org.testng.internal.TestInvoker.invokeMethod(TestInvoker.java:598)
at org.testng.internal.TestInvoker.invokeTestMethod(TestInvoker.java:173)
at org.testng.internal.MethodRunner.runInSequence(MethodRunner.java:46)
at org.testng.internal.TestInvoker$MethodInvocationAgent.invoke(TestInvoker.java:824)
at org.testng.internal.TestInvoker.invokeTestMethods(TestInvoker.java:146)
at org.testng.internal.TestMethodWorker.invokeTestMethods(TestMethodWorker.java:146)
at org.testng.internal.TestMethodWorker.run(TestMethodWorker.java:128)
at java.base/java.util.ArrayList.forEach(ArrayList.java:1511)
at org.testng.TestRunner.privateRun(TestRunner.java:794)
at org.testng.TestRunner.run(TestRunner.java:596)
at org.testng.SuiteRunner.runTest(SuiteRunner.java:377)
at org.testng.SuiteRunner.runSequentially(SuiteRunner.java:371)
at org.testng.SuiteRunner.privateRun(SuiteRunner.java:332)
at org.testng.SuiteRunner.run(SuiteRunner.java:276)
at org.testng.SuiteRunnerWorker.runSuite(SuiteRunnerWorker.java:53)
at org.testng.SuiteRunnerWorker.run(SuiteRunnerWorker.java:96)
at org.testng.TestNG.runSuitesSequentially(TestNG.java:1212)
at org.testng.TestNG.runSuitesLocally(TestNG.java:1134)
at org.testng.TestNG.runSuites(TestNG.java:1063)
at org.testng.TestNG.run(TestNG.java:1031)
at org.testng.remote.AbstractRemoteTestNG.run(AbstractRemoteTestNG.java:115)
at org.testng.remote.RemoteTestNG.initAndRun(RemoteTestNG.java:251)
at org.testng.remote.RemoteTestNG.main(RemoteTestNG.java:77)
]]>
            </full-stacktrace>
          </exception> <!-- org.openqa.selenium.NoSuchElementException -->
          <reporter-output>
          </reporter-output>
        </test-method> <!-- T004_VerifyandvalidateMsg -->
        <test-method signature="T005_MsgScreenshot()[pri:5, instance:testCases.TC03_Consultingpage@c730b35]" started-at="2024-03-05T10:43:24 IST" name="T005_MsgScreenshot" finished-at="2024-03-05T10:43:24 IST" duration-ms="112" status="PASS">
          <reporter-output>
          </reporter-output>
        </test-method> <!-- T005_MsgScreenshot -->
        <test-method is-config="true" signature="tearDown()[pri:0, instance:testCases.TC03_Consultingpage@c730b35]" started-at="2024-03-05T10:43:24 IST" name="tearDown" finished-at="2024-03-05T10:43:26 IST" duration-ms="1330" status="PASS">
          <reporter-output>
          </reporter-output>
        </test-method> <!-- tearDown -->
      </class> <!-- testCases.TC03_Consultingpage -->
      <class name="testCases.TC01_Doctor">
        <test-method is-config="true" signature="setup(java.lang.String,java.lang.String)[pri:0, instance:testCases.TC01_Doctor@6c6cb480]" started-at="2024-03-05T10:40:51 IST" name="setup" finished-at="2024-03-05T10:41:00 IST" duration-ms="8683" status="PASS">
          <params>
            <param index="0">
              <value>
                <![CDATA[windows]]>
              </value>
            </param>
            <param index="1">
              <value>
                <![CDATA[edge]]>
              </value>
            </param>
          </params>
          <reporter-output>
          </reporter-output>
        </test-method> <!-- setup -->
        <test-method signature="T001_homepage()[pri:1, instance:testCases.TC01_Doctor@6c6cb480]" started-at="2024-03-05T10:41:00 IST" name="T001_homepage" finished-at="2024-03-05T10:41:00 IST" duration-ms="25" status="PASS">
          <reporter-output>
          </reporter-output>
        </test-method> <!-- T001_homepage -->
        <test-method signature="T002_DoctorType()[pri:2, instance:testCases.TC01_Doctor@6c6cb480]" started-at="2024-03-05T10:41:00 IST" name="T002_DoctorType" finished-at="2024-03-05T10:41:07 IST" duration-ms="6723" status="PASS">
          <reporter-output>
          </reporter-output>
        </test-method> <!-- T002_DoctorType -->
        <test-method signature="T003_applyingfilters()[pri:3, instance:testCases.TC01_Doctor@6c6cb480]" started-at="2024-03-05T10:41:07 IST" name="T003_applyingfilters" finished-at="2024-03-05T10:41:38 IST" duration-ms="30917" status="PASS">
          <reporter-output>
          </reporter-output>
        </test-method> <!-- T003_applyingfilters -->
        <test-method signature="T004_DoctorInformation()[pri:4, instance:testCases.TC01_Doctor@6c6cb480]" started-at="2024-03-05T10:41:38 IST" name="T004_DoctorInformation" finished-at="2024-03-05T10:41:43 IST" duration-ms="4289" status="PASS">
          <reporter-output>
          </reporter-output>
        </test-method> <!-- T004_DoctorInformation -->
        <test-method is-config="true" signature="tearDown()[pri:0, instance:testCases.TC01_Doctor@6c6cb480]" started-at="2024-03-05T10:41:43 IST" name="tearDown" finished-at="2024-03-05T10:41:44 IST" duration-ms="1312" status="PASS">
          <reporter-output>
          </reporter-output>
        </test-method> <!-- tearDown -->
      </class> <!-- testCases.TC01_Doctor -->
    </test> <!-- Edge Test -->
  </suite> <!-- Suite -->
</testng-results>
